<?xml version="1.0" encoding="UTF-8"?>
<testng-results ignored="0" total="3" passed="3" failed="0" skipped="0">
  <reporter-output>
  </reporter-output>
  <suite started-at="2024-01-24T18:07:10 IST" name="Suite" finished-at="2024-01-24T18:07:48 IST" duration-ms="38401">
    <groups>
    </groups>
    <test started-at="2024-01-24T18:07:10 IST" name="chrometest" finished-at="2024-01-24T18:07:23 IST" duration-ms="12798">
      <class name="testCases.TC_003_Email_Sign_In_Valid">
        <test-method is-config="true" signature="setup(java.lang.String,java.lang.String)[pri:0, instance:testCases.TC_003_Email_Sign_In_Valid@6b81ce95]" started-at="2024-01-24T18:07:10 IST" name="setup" finished-at="2024-01-24T18:07:17 IST" duration-ms="7439" status="PASS">
          <params>
            <param index="0">
              <value>
                <![CDATA[Windows]]>
              </value>
            </param>
            <param index="1">
              <value>
                <![CDATA[chrome]]>
              </value>
            </param>
          </params>
          <reporter-output>
          </reporter-output>
        </test-method> <!-- setup -->
        <test-method signature="verify_Email_Login_Valid()[pri:0, instance:testCases.TC_003_Email_Sign_In_Valid@6b81ce95]" started-at="2024-01-24T18:07:17 IST" name="verify_Email_Login_Valid" finished-at="2024-01-24T18:07:22 IST" duration-ms="5082" status="PASS">
          <reporter-output>
          </reporter-output>
        </test-method> <!-- verify_Email_Login_Valid -->
        <test-method is-config="true" signature="tearDown()[pri:0, instance:testCases.TC_003_Email_Sign_In_Valid@6b81ce95]" started-at="2024-01-24T18:07:22 IST" name="tearDown" finished-at="2024-01-24T18:07:22 IST" duration-ms="175" status="PASS">
          <reporter-output>
          </reporter-output>
        </test-method> <!-- tearDown -->
      </class> <!-- testCases.TC_003_Email_Sign_In_Valid -->
    </test> <!-- chrometest -->
    <test started-at="2024-01-24T18:07:23 IST" name="edgetest" finished-at="2024-01-24T18:07:35 IST" duration-ms="12271">
      <class name="testCases.TC_003_Email_Sign_In_Valid">
        <test-method is-config="true" signature="setup(java.lang.String,java.lang.String)[pri:0, instance:testCases.TC_003_Email_Sign_In_Valid@7d8995e]" started-at="2024-01-24T18:07:23 IST" name="setup" finished-at="2024-01-24T18:07:30 IST" duration-ms="7634" status="PASS">
          <params>
            <param index="0">
              <value>
                <![CDATA[Windows]]>
              </value>
            </param>
            <param index="1">
              <value>
                <![CDATA[edge]]>
              </value>
            </param>
          </params>
          <reporter-output>
          </reporter-output>
        </test-method> <!-- setup -->
        <test-method signature="verify_Email_Login_Valid()[pri:0, instance:testCases.TC_003_Email_Sign_In_Valid@7d8995e]" started-at="2024-01-24T18:07:30 IST" name="verify_Email_Login_Valid" finished-at="2024-01-24T18:07:35 IST" duration-ms="4298" status="PASS">
          <reporter-output>
          </reporter-output>
        </test-method> <!-- verify_Email_Login_Valid -->
        <test-method is-config="true" signature="tearDown()[pri:0, instance:testCases.TC_003_Email_Sign_In_Valid@7d8995e]" started-at="2024-01-24T18:07:35 IST" name="tearDown" finished-at="2024-01-24T18:07:35 IST" duration-ms="322" status="PASS">
          <reporter-output>
          </reporter-output>
        </test-method> <!-- tearDown -->
      </class> <!-- testCases.TC_003_Email_Sign_In_Valid -->
    </test> <!-- edgetest -->
    <test started-at="2024-01-24T18:07:35 IST" name="firefoxtest" finished-at="2024-01-24T18:07:48 IST" duration-ms="13240">
      <class name="testCases.TC_003_Email_Sign_In_Valid">
        <test-method is-config="true" signature="setup(java.lang.String,java.lang.String)[pri:0, instance:testCases.TC_003_Email_Sign_In_Valid@1283bb96]" started-at="2024-01-24T18:07:35 IST" name="setup" finished-at="2024-01-24T18:07:43 IST" duration-ms="7654" status="PASS">
          <params>
            <param index="0">
              <value>
                <![CDATA[Windows]]>
              </value>
            </param>
            <param index="1">
              <value>
                <![CDATA[firefox]]>
              </value>
            </param>
          </params>
          <reporter-output>
          </reporter-output>
        </test-method> <!-- setup -->
        <test-method signature="verify_Email_Login_Valid()[pri:0, instance:testCases.TC_003_Email_Sign_In_Valid@1283bb96]" started-at="2024-01-24T18:07:43 IST" name="verify_Email_Login_Valid" finished-at="2024-01-24T18:07:47 IST" duration-ms="4255" status="PASS">
          <reporter-output>
          </reporter-output>
        </test-method> <!-- verify_Email_Login_Valid -->
        <test-method is-config="true" signature="tearDown()[pri:0, instance:testCases.TC_003_Email_Sign_In_Valid@1283bb96]" started-at="2024-01-24T18:07:47 IST" name="tearDown" finished-at="2024-01-24T18:07:48 IST" duration-ms="1327" status="PASS">
          <reporter-output>
          </reporter-output>
        </test-method> <!-- tearDown -->
      </class> <!-- testCases.TC_003_Email_Sign_In_Valid -->
    </test> <!-- firefoxtest -->
  </suite> <!-- Suite -->
</testng-results>
