<?xml version="1.0" encoding="UTF-8"?>
<testng-results ignored="0" total="5" passed="4" failed="1" skipped="0">
  <reporter-output>
  </reporter-output>
  <suite started-at="2024-02-27T17:40:46 IST" name="Default suite" finished-at="2024-02-27T17:43:42 IST" duration-ms="176449">
    <groups>
    </groups>
    <test started-at="2024-02-27T17:40:46 IST" name="Default test" finished-at="2024-02-27T17:43:42 IST" duration-ms="176449">
      <class name="practi.tttflow">
        <test-method signature="createProduct(java.lang.String,java.lang.String,java.lang.String,java.lang.String,java.lang.String,java.lang.String,java.lang.String,java.lang.String,java.lang.String)[pri:0, instance:practi.tttflow@8dbdac1]" started-at="2024-02-27T17:40:49 IST" name="createProduct" data-provider="getData" finished-at="2024-02-27T17:41:26 IST" duration-ms="37772" status="PASS">
          <params>
            <param index="0">
              <value>
                <![CDATA[decauto123]]>
              </value>
            </param>
            <param index="1">
              <value>
                <![CDATA[description 2160]]>
              </value>
            </param>
            <param index="2">
              <value>
                <![CDATA[dimension 2160]]>
              </value>
            </param>
            <param index="3">
              <value>
                <![CDATA[shipping 2160]]>
              </value>
            </param>
            <param index="4">
              <value>
                <![CDATA[use 2160]]>
              </value>
            </param>
            <param index="5">
              <value>
                <![CDATA[1998]]>
              </value>
            </param>
            <param index="6">
              <value>
                <![CDATA[162164]]>
              </value>
            </param>
            <param index="7">
              <value>
                <![CDATA[854AD3]]>
              </value>
            </param>
            <param index="8">
              <value>
                <![CDATA[4HPUM6]]>
              </value>
            </param>
          </params>
          <reporter-output>
          </reporter-output>
        </test-method> <!-- createProduct -->
        <test-method signature="createProduct(java.lang.String,java.lang.String,java.lang.String,java.lang.String,java.lang.String,java.lang.String,java.lang.String,java.lang.String,java.lang.String)[pri:0, instance:practi.tttflow@8dbdac1]" started-at="2024-02-27T17:41:26 IST" name="createProduct" data-provider="getData" finished-at="2024-02-27T17:42:02 IST" duration-ms="35411" status="PASS">
          <params>
            <param index="0">
              <value>
                <![CDATA[decauto124]]>
              </value>
            </param>
            <param index="1">
              <value>
                <![CDATA[description 2161]]>
              </value>
            </param>
            <param index="2">
              <value>
                <![CDATA[dimension 2161]]>
              </value>
            </param>
            <param index="3">
              <value>
                <![CDATA[shipping 2161]]>
              </value>
            </param>
            <param index="4">
              <value>
                <![CDATA[use 2161]]>
              </value>
            </param>
            <param index="5">
              <value>
                <![CDATA[35]]>
              </value>
            </param>
            <param index="6">
              <value>
                <![CDATA[162165]]>
              </value>
            </param>
            <param index="7">
              <value>
                <![CDATA[854AD4]]>
              </value>
            </param>
            <param index="8">
              <value>
                <![CDATA[4HPUM7]]>
              </value>
            </param>
          </params>
          <reporter-output>
          </reporter-output>
        </test-method> <!-- createProduct -->
        <test-method signature="createProduct(java.lang.String,java.lang.String,java.lang.String,java.lang.String,java.lang.String,java.lang.String,java.lang.String,java.lang.String,java.lang.String)[pri:0, instance:practi.tttflow@8dbdac1]" started-at="2024-02-27T17:42:02 IST" name="createProduct" data-provider="getData" finished-at="2024-02-27T17:42:37 IST" duration-ms="35225" status="PASS">
          <params>
            <param index="0">
              <value>
                <![CDATA[decauto125]]>
              </value>
            </param>
            <param index="1">
              <value>
                <![CDATA[description 2162]]>
              </value>
            </param>
            <param index="2">
              <value>
                <![CDATA[dimension 2162]]>
              </value>
            </param>
            <param index="3">
              <value>
                <![CDATA[shipping 2162]]>
              </value>
            </param>
            <param index="4">
              <value>
                <![CDATA[use 2162]]>
              </value>
            </param>
            <param index="5">
              <value>
                <![CDATA[311]]>
              </value>
            </param>
            <param index="6">
              <value>
                <![CDATA[162166]]>
              </value>
            </param>
            <param index="7">
              <value>
                <![CDATA[854AD5]]>
              </value>
            </param>
            <param index="8">
              <value>
                <![CDATA[4HPUM8]]>
              </value>
            </param>
          </params>
          <reporter-output>
          </reporter-output>
        </test-method> <!-- createProduct -->
        <test-method signature="createProduct(java.lang.String,java.lang.String,java.lang.String,java.lang.String,java.lang.String,java.lang.String,java.lang.String,java.lang.String,java.lang.String)[pri:0, instance:practi.tttflow@8dbdac1]" started-at="2024-02-27T17:42:37 IST" name="createProduct" data-provider="getData" finished-at="2024-02-27T17:43:12 IST" duration-ms="35256" status="PASS">
          <params>
            <param index="0">
              <value>
                <![CDATA[decauto126]]>
              </value>
            </param>
            <param index="1">
              <value>
                <![CDATA[description 2163]]>
              </value>
            </param>
            <param index="2">
              <value>
                <![CDATA[dimension 2163]]>
              </value>
            </param>
            <param index="3">
              <value>
                <![CDATA[shipping 2163]]>
              </value>
            </param>
            <param index="4">
              <value>
                <![CDATA[use 2163]]>
              </value>
            </param>
            <param index="5">
              <value>
                <![CDATA[2131]]>
              </value>
            </param>
            <param index="6">
              <value>
                <![CDATA[162167]]>
              </value>
            </param>
            <param index="7">
              <value>
                <![CDATA[854AD6]]>
              </value>
            </param>
            <param index="8">
              <value>
                <![CDATA[4HPUM9]]>
              </value>
            </param>
          </params>
          <reporter-output>
          </reporter-output>
        </test-method> <!-- createProduct -->
        <test-method signature="createProduct(java.lang.String,java.lang.String,java.lang.String,java.lang.String,java.lang.String,java.lang.String,java.lang.String,java.lang.String,java.lang.String)[pri:0, instance:practi.tttflow@8dbdac1]" started-at="2024-02-27T17:43:12 IST" name="createProduct" data-provider="getData" finished-at="2024-02-27T17:43:42 IST" duration-ms="30115" status="FAIL">
          <params>
            <param index="0">
              <value>
                <![CDATA[decauto127]]>
              </value>
            </param>
            <param index="1">
              <value>
                <![CDATA[description 2164]]>
              </value>
            </param>
            <param index="2">
              <value>
                <![CDATA[dimension 2164]]>
              </value>
            </param>
            <param index="3">
              <value>
                <![CDATA[shipping 2164]]>
              </value>
            </param>
            <param index="4">
              <value>
                <![CDATA[use 2164]]>
              </value>
            </param>
            <param index="5">
              <value>
                <![CDATA[23123]]>
              </value>
            </param>
            <param index="6">
              <value>
                <![CDATA[162168]]>
              </value>
            </param>
            <param index="7">
              <value>
                <![CDATA[854AD7]]>
              </value>
            </param>
            <param index="8">
              <value>
                <![CDATA[4HPUM10]]>
              </value>
            </param>
          </params>
          <exception class="org.openqa.selenium.NoSuchElementException">
            <message>
              <![CDATA[no such element: Unable to locate element: {"method":"xpath","selector":"//input[@placeholder='SKU']"}
  (Session info: chrome=122.0.6261.70)
For documentation on this error, please visit: https://www.selenium.dev/documentation/webdriver/troubleshooting/errors#no-such-element-exception
Build info: version: '4.18.1', revision: 'b1d3319b48'
System info: os.name: 'Windows 11', os.arch: 'amd64', os.version: '10.0', java.version: '21.0.1'
Driver info: org.openqa.selenium.chrome.ChromeDriver
Command: [bf051ee2683d7f336748a7433f8fb600, findElement {using=xpath, value=//input[@placeholder='SKU']}]
Capabilities {acceptInsecureCerts: false, browserName: chrome, browserVersion: 122.0.6261.70, chrome: {chromedriverVersion: 122.0.6261.69 (81bc525b6a36..., userDataDir: C:\Users\sebin\AppData\Loca...}, fedcm:accounts: true, goog:chromeOptions: {debuggerAddress: localhost:52464}, networkConnectionEnabled: false, pageLoadStrategy: normal, platformName: windows, proxy: Proxy(), se:cdp: ws://localhost:52464/devtoo..., se:cdpVersion: 122.0.6261.70, setWindowRect: true, strictFileInteractability: false, timeouts: {implicit: 0, pageLoad: 300000, script: 30000}, unhandledPromptBehavior: dismiss and notify, webauthn:extension:credBlob: true, webauthn:extension:largeBlob: true, webauthn:extension:minPinLength: true, webauthn:extension:prf: true, webauthn:virtualAuthenticators: true}
Session ID: bf051ee2683d7f336748a7433f8fb600]]>
            </message>
            <full-stacktrace>
              <![CDATA[org.openqa.selenium.NoSuchElementException: no such element: Unable to locate element: {"method":"xpath","selector":"//input[@placeholder='SKU']"}
  (Session info: chrome=122.0.6261.70)
For documentation on this error, please visit: https://www.selenium.dev/documentation/webdriver/troubleshooting/errors#no-such-element-exception
Build info: version: '4.18.1', revision: 'b1d3319b48'
System info: os.name: 'Windows 11', os.arch: 'amd64', os.version: '10.0', java.version: '21.0.1'
Driver info: org.openqa.selenium.chrome.ChromeDriver
Command: [bf051ee2683d7f336748a7433f8fb600, findElement {using=xpath, value=//input[@placeholder='SKU']}]
Capabilities {acceptInsecureCerts: false, browserName: chrome, browserVersion: 122.0.6261.70, chrome: {chromedriverVersion: 122.0.6261.69 (81bc525b6a36..., userDataDir: C:\Users\sebin\AppData\Loca...}, fedcm:accounts: true, goog:chromeOptions: {debuggerAddress: localhost:52464}, networkConnectionEnabled: false, pageLoadStrategy: normal, platformName: windows, proxy: Proxy(), se:cdp: ws://localhost:52464/devtoo..., se:cdpVersion: 122.0.6261.70, setWindowRect: true, strictFileInteractability: false, timeouts: {implicit: 0, pageLoad: 300000, script: 30000}, unhandledPromptBehavior: dismiss and notify, webauthn:extension:credBlob: true, webauthn:extension:largeBlob: true, webauthn:extension:minPinLength: true, webauthn:extension:prf: true, webauthn:virtualAuthenticators: true}
Session ID: bf051ee2683d7f336748a7433f8fb600
at java.base/jdk.internal.reflect.DirectConstructorHandleAccessor.newInstance(DirectConstructorHandleAccessor.java:62)
at java.base/java.lang.reflect.Constructor.newInstanceWithCaller(Constructor.java:502)
at java.base/java.lang.reflect.Constructor.newInstance(Constructor.java:486)
at org.openqa.selenium.remote.ErrorCodec.decode(ErrorCodec.java:167)
at org.openqa.selenium.remote.codec.w3c.W3CHttpResponseCodec.decode(W3CHttpResponseCodec.java:138)
at org.openqa.selenium.remote.codec.w3c.W3CHttpResponseCodec.decode(W3CHttpResponseCodec.java:50)
at org.openqa.selenium.remote.HttpCommandExecutor.execute(HttpCommandExecutor.java:190)
at org.openqa.selenium.remote.service.DriverCommandExecutor.invokeExecute(DriverCommandExecutor.java:216)
at org.openqa.selenium.remote.service.DriverCommandExecutor.execute(DriverCommandExecutor.java:174)
at org.openqa.selenium.remote.RemoteWebDriver.execute(RemoteWebDriver.java:519)
at org.openqa.selenium.remote.ElementLocation$ElementFinder$2.findElement(ElementLocation.java:165)
at org.openqa.selenium.remote.ElementLocation.findElement(ElementLocation.java:59)
at org.openqa.selenium.remote.RemoteWebDriver.findElement(RemoteWebDriver.java:356)
at org.openqa.selenium.remote.RemoteWebDriver.findElement(RemoteWebDriver.java:350)
at practi.tttflow.createProduct(tttflow.java:83)
at java.base/jdk.internal.reflect.DirectMethodHandleAccessor.invoke(DirectMethodHandleAccessor.java:103)
at java.base/java.lang.reflect.Method.invoke(Method.java:580)
at org.testng.internal.MethodInvocationHelper.invokeMethod(MethodInvocationHelper.java:133)
at org.testng.internal.TestInvoker.invokeMethod(TestInvoker.java:598)
at org.testng.internal.TestInvoker.invokeTestMethod(TestInvoker.java:173)
at org.testng.internal.MethodRunner.runInSequence(MethodRunner.java:46)
at org.testng.internal.TestInvoker$MethodInvocationAgent.invoke(TestInvoker.java:824)
at org.testng.internal.TestInvoker.invokeTestMethods(TestInvoker.java:146)
at org.testng.internal.TestMethodWorker.invokeTestMethods(TestMethodWorker.java:146)
at org.testng.internal.TestMethodWorker.run(TestMethodWorker.java:128)
at java.base/java.util.ArrayList.forEach(ArrayList.java:1596)
at org.testng.TestRunner.privateRun(TestRunner.java:794)
at org.testng.TestRunner.run(TestRunner.java:596)
at org.testng.SuiteRunner.runTest(SuiteRunner.java:377)
at org.testng.SuiteRunner.runSequentially(SuiteRunner.java:371)
at org.testng.SuiteRunner.privateRun(SuiteRunner.java:332)
at org.testng.SuiteRunner.run(SuiteRunner.java:276)
at org.testng.SuiteRunnerWorker.runSuite(SuiteRunnerWorker.java:53)
at org.testng.SuiteRunnerWorker.run(SuiteRunnerWorker.java:96)
at org.testng.TestNG.runSuitesSequentially(TestNG.java:1212)
at org.testng.TestNG.runSuitesLocally(TestNG.java:1134)
at org.testng.TestNG.runSuites(TestNG.java:1063)
at org.testng.TestNG.run(TestNG.java:1031)
at org.testng.remote.AbstractRemoteTestNG.run(AbstractRemoteTestNG.java:115)
at org.testng.remote.RemoteTestNG.initAndRun(RemoteTestNG.java:251)
at org.testng.remote.RemoteTestNG.main(RemoteTestNG.java:77)
]]>
            </full-stacktrace>
          </exception> <!-- org.openqa.selenium.NoSuchElementException -->
          <reporter-output>
          </reporter-output>
        </test-method> <!-- createProduct -->
      </class> <!-- practi.tttflow -->
    </test> <!-- Default test -->
  </suite> <!-- Default suite -->
</testng-results>
