<?xml version="1.0" encoding="UTF-8"?>
<!-- Generated by org.testng.reporters.JUnitXMLReporter -->
<testsuite ignored="0" hostname="LAPTOP-HRPF4BH4" failures="1" tests="1" name="Test" time="0.042" errors="0" timestamp="2024-02-26T12:27:53 IST">
  <testcase classname="practi.tttflow" name="createProduct" time="0.0">
    <failure type="org.testng.TestNGException" message="
Method public void practi.tttflow.createProduct() throws java.lang.InterruptedException requires a @DataProvider named : getData">
      <![CDATA[org.testng.TestNGException: 
Method public void practi.tttflow.createProduct() throws java.lang.InterruptedException requires a @DataProvider named : getData
at java.base/java.util.ArrayList.forEach(ArrayList.java:1596)
... Removed 24 stack frames]]>
    </failure>
  </testcase> <!-- createProduct -->
</testsuite> <!-- Test -->
